Using pre-set license
Built from '2021.3/staging' branch; Version is '2021.3.0f1 (6eacc8284459) revision 7253192'; Using compiler version '192829333'; Build Type 'Release'
OS: 'Windows 10  (10.0.19042) 64bit Professional' Language: 'en' Physical Memory: 32619 MB
BatchMode: 1, IsHumanControllingUs: 0, StartBugReporterOnCrash: 0, Is64bit: 1, IsPro: 1

COMMAND LINE ARGUMENTS:
G:\UnityEditor\2021.3.0f1\Editor\Unity.exe
-adb2
-batchMode
-noUpm
-name
AssetImportWorker1
-projectPath
G:/UnityProjects/SimpleGame
-logFile
Logs/AssetImportWorker1.log
-srvPort
1062
Successfully changed project path to: G:/UnityProjects/SimpleGame
G:/UnityProjects/SimpleGame
[UnityMemory] Configuration Parameters - Can be set up in boot.config
    "memorysetup-bucket-allocator-granularity=16"
    "memorysetup-bucket-allocator-bucket-count=8"
    "memorysetup-bucket-allocator-block-size=33554432"
    "memorysetup-bucket-allocator-block-count=8"
    "memorysetup-main-allocator-block-size=16777216"
    "memorysetup-thread-allocator-block-size=16777216"
    "memorysetup-gfx-main-allocator-block-size=16777216"
    "memorysetup-gfx-thread-allocator-block-size=16777216"
    "memorysetup-cache-allocator-block-size=4194304"
    "memorysetup-typetree-allocator-block-size=2097152"
    "memorysetup-profiler-bucket-allocator-granularity=16"
    "memorysetup-profiler-bucket-allocator-bucket-count=8"
    "memorysetup-profiler-bucket-allocator-block-size=33554432"
    "memorysetup-profiler-bucket-allocator-block-count=8"
    "memorysetup-profiler-allocator-block-size=16777216"
    "memorysetup-profiler-editor-allocator-block-size=1048576"
    "memorysetup-temp-allocator-size-main=16777216"
    "memorysetup-job-temp-allocator-block-size=2097152"
    "memorysetup-job-temp-allocator-block-size-background=1048576"
    "memorysetup-job-temp-allocator-reduction-small-platforms=262144"
    "memorysetup-temp-allocator-size-background-worker=32768"
    "memorysetup-temp-allocator-size-job-worker=262144"
    "memorysetup-temp-allocator-size-preload-manager=33554432"
    "memorysetup-temp-allocator-size-nav-mesh-worker=65536"
    "memorysetup-temp-allocator-size-audio-worker=65536"
    "memorysetup-temp-allocator-size-cloud-worker=32768"
    "memorysetup-temp-allocator-size-gi-baking-worker=262144"
    "memorysetup-temp-allocator-size-gfx=262144"
Refreshing native plugins compatible for Editor in 110.31 ms, found 3 plugins.
Preloading 0 native plugins for Editor in 0.00 ms.
Initialize engine version: 2021.3.0f1 (6eacc8284459)
[Subsystems] Discovering subsystems at path G:/UnityEditor/2021.3.0f1/Editor/Data/Resources/UnitySubsystems
[Subsystems] Discovering subsystems at path G:/UnityProjects/SimpleGame/Assets
GfxDevice: creating device client; threaded=0; jobified=0
Direct3D:
    Version:  Direct3D 11.0 [level 11.1]
    Renderer: NVIDIA GeForce GTX 1070 (ID=0x1ba1)
    Vendor:   NVIDIA
    VRAM:     8082 MB
    Driver:   30.0.14.9649
Initialize mono
Mono path[0] = 'G:/UnityEditor/2021.3.0f1/Editor/Data/Managed'
Mono path[1] = 'G:/UnityEditor/2021.3.0f1/Editor/Data/MonoBleedingEdge/lib/mono/unityjit-win32'
Mono config path = 'G:/UnityEditor/2021.3.0f1/Editor/Data/MonoBleedingEdge/etc'
Using monoOptions --debugger-agent=transport=dt_socket,embedding=1,server=y,suspend=n,address=127.0.0.1:56440
Begin MonoManager ReloadAssembly
Registering precompiled unity dll's ...
Register platform support module: G:/UnityEditor/2021.3.0f1/Editor/Data/PlaybackEngines/WebGLSupport/UnityEditor.WebGL.Extensions.dll
Register platform support module: G:/UnityEditor/2021.3.0f1/Editor/Data/PlaybackEngines/AndroidPlayer/UnityEditor.Android.Extensions.dll
Register platform support module: G:/UnityEditor/2021.3.0f1/Editor/Data/PlaybackEngines/WindowsStandaloneSupport/UnityEditor.WindowsStandalone.Extensions.dll
Registered in 0.006114 seconds.
Native extension for WindowsStandalone target not found
Native extension for Android target not found
Native extension for WebGL target not found
Refreshing native plugins compatible for Editor in 106.67 ms, found 3 plugins.
Preloading 0 native plugins for Editor in 0.00 ms.
Mono: successfully reloaded assembly
- Completed reload, in  1.002 seconds
Domain Reload Profiling:
	ReloadAssembly (1004ms)
		BeginReloadAssembly (131ms)
			ExecutionOrderSort (0ms)
			DisableScriptedObjects (0ms)
			BackupInstance (0ms)
			ReleaseScriptingObjects (0ms)
			CreateAndSetChildDomain (1ms)
		EndReloadAssembly (715ms)
			LoadAssemblies (132ms)
			RebuildTransferFunctionScriptingTraits (0ms)
			SetupTypeCache (177ms)
			ReleaseScriptCaches (0ms)
			RebuildScriptCaches (43ms)
			SetupLoadedEditorAssemblies (422ms)
				LogAssemblyErrors (0ms)
				InitializePlatformSupportModulesInManaged (82ms)
				SetLoadedEditorAssemblies (0ms)
				RefreshPlugins (107ms)
				BeforeProcessingInitializeOnLoad (1ms)
				ProcessInitializeOnLoadAttributes (160ms)
				ProcessInitializeOnLoadMethodAttributes (71ms)
				AfterProcessingInitializeOnLoad (0ms)
				EditorAssembliesLoaded (0ms)
			ExecutionOrderSort2 (0ms)
			AwakeInstancesAfterBackupRestoration (0ms)
Platform modules already initialized, skipping
Registering precompiled user dll's ...
Registered in 0.005063 seconds.
Begin MonoManager ReloadAssembly
Symbol file LoadedFromMemory doesn't match image G:\UnityProjects\SimpleGame\Library\PackageCache\com.unity.visualscripting@1.7.6\Editor\VisualScripting.Core\Dependencies\YamlDotNet\Unity.VisualScripting.YamlDotNet.dll
Symbol file LoadedFromMemory is not a mono symbol file
Symbol file LoadedFromMemory doesn't match image G:\UnityProjects\SimpleGame\Library\PackageCache\com.unity.visualscripting@1.7.6\Editor\VisualScripting.Core\Dependencies\DotNetZip\Unity.VisualScripting.IonicZip.dll
Native extension for WindowsStandalone target not found
Native extension for Android target not found
Native extension for WebGL target not found
Refreshing native plugins compatible for Editor in 0.72 ms, found 3 plugins.
Preloading 0 native plugins for Editor in 0.00 ms.
Mono: successfully reloaded assembly
Package Manager log level set to [2]
- Completed reload, in  1.567 seconds
Domain Reload Profiling:
	ReloadAssembly (1568ms)
		BeginReloadAssembly (316ms)
			ExecutionOrderSort (0ms)
			DisableScriptedObjects (9ms)
			BackupInstance (0ms)
			ReleaseScriptingObjects (0ms)
			CreateAndSetChildDomain (143ms)
		EndReloadAssembly (1092ms)
			LoadAssemblies (161ms)
			RebuildTransferFunctionScriptingTraits (0ms)
			SetupTypeCache (325ms)
			ReleaseScriptCaches (1ms)
			RebuildScriptCaches (77ms)
			SetupLoadedEditorAssemblies (491ms)
				LogAssemblyErrors (0ms)
				InitializePlatformSupportModulesInManaged (21ms)
				SetLoadedEditorAssemblies (1ms)
				RefreshPlugins (1ms)
				BeforeProcessingInitializeOnLoad (113ms)
				ProcessInitializeOnLoadAttributes (314ms)
				ProcessInitializeOnLoadMethodAttributes (38ms)
				AfterProcessingInitializeOnLoad (4ms)
				EditorAssembliesLoaded (0ms)
			ExecutionOrderSort2 (0ms)
			AwakeInstancesAfterBackupRestoration (11ms)
Platform modules already initialized, skipping
========================================================================
Worker process is ready to serve import requests
Launched and connected shader compiler UnityShaderCompiler.exe after 0.12 seconds
Refreshing native plugins compatible for Editor in 0.61 ms, found 3 plugins.
Preloading 0 native plugins for Editor in 0.00 ms.
Unloading 3382 Unused Serialized files (Serialized files now loaded: 0)
Unloading 39 unused Assets / (87.1 KB). Loaded Objects now: 3851.
Memory consumption went from 129.6 MB to 129.5 MB.
Total: 6.239400 ms (FindLiveObjects: 0.997600 ms CreateObjectMapping: 1.227600 ms MarkObjects: 3.877900 ms  DeleteObjects: 0.135100 ms)

AssetImportParameters requested are different than current active one (requested -> active):
  custom:video-decoder-ogg-theora: a1e56fd34408186e4bbccfd4996cb3dc -> 
  custom:container-muxer-webm: aa71ff27fc2769a1b78a27578f13a17b -> 
  custom:container-demuxer-webm: 4f35f7cbe854078d1ac9338744f61a02 -> 
  custom:video-encoder-webm-vp8: eb34c28f22e8b96e1ab97ce403110664 -> 
  custom:audio-encoder-webm-vorbis: bf7c407c2cedff20999df2af8eb42d56 -> 
  custom:framework-win-MediaFoundation: 216162199b28c13a410421893ffa2e32 -> 
  custom:container-demuxer-ogg: 62fdf1f143b41e24485cea50d1cbac27 -> 
  custom:video-decoder-webm-vp8: 9c59270c3fd7afecdb556c50c9e8de78 -> 
  custom:audio-decoder-ogg-vorbis: bf7c407c2cedff20999df2af8eb42d56 -> 
========================================================================
Received Import Request.
  Time since last request: 52941.147293 seconds.
  path: Assets/InternalAssets/Materials/New Material 3.mat
  artifactKey: Guid(40a543dd9cac7684192e44e2316901aa) Importer(815301076,1909f56bfc062723c751e8b465ee728b)
Start importing Assets/InternalAssets/Materials/New Material 3.mat using Guid(40a543dd9cac7684192e44e2316901aa) Importer(815301076,1909f56bfc062723c751e8b465ee728b)  -> (artifact id: 'c44448ce102a214be06cb4856eb5a9ba') in 0.192054 seconds 
========================================================================
Received Prepare
Registering precompiled user dll's ...
Registered in 0.006718 seconds.
Begin MonoManager ReloadAssembly
Symbol file LoadedFromMemory doesn't match image G:\UnityProjects\SimpleGame\Library\PackageCache\com.unity.visualscripting@1.7.6\Editor\VisualScripting.Core\Dependencies\YamlDotNet\Unity.VisualScripting.YamlDotNet.dll
Symbol file LoadedFromMemory is not a mono symbol file
Symbol file LoadedFromMemory doesn't match image G:\UnityProjects\SimpleGame\Library\PackageCache\com.unity.visualscripting@1.7.6\Editor\VisualScripting.Core\Dependencies\DotNetZip\Unity.VisualScripting.IonicZip.dll
Native extension for WindowsStandalone target not found
Native extension for Android target not found
Native extension for WebGL target not found
Refreshing native plugins compatible for Editor in 0.91 ms, found 3 plugins.
Preloading 0 native plugins for Editor in 0.00 ms.
Mono: successfully reloaded assembly
- Completed reload, in  1.236 seconds
Domain Reload Profiling:
	ReloadAssembly (1237ms)
		BeginReloadAssembly (162ms)
			ExecutionOrderSort (0ms)
			DisableScriptedObjects (5ms)
			BackupInstance (0ms)
			ReleaseScriptingObjects (0ms)
			CreateAndSetChildDomain (36ms)
		EndReloadAssembly (963ms)
			LoadAssemblies (139ms)
			RebuildTransferFunctionScriptingTraits (0ms)
			SetupTypeCache (302ms)
			ReleaseScriptCaches (2ms)
			RebuildScriptCaches (49ms)
			SetupLoadedEditorAssemblies (430ms)
				LogAssemblyErrors (0ms)
				InitializePlatformSupportModulesInManaged (30ms)
				SetLoadedEditorAssemblies (1ms)
				RefreshPlugins (1ms)
				BeforeProcessingInitializeOnLoad (89ms)
				ProcessInitializeOnLoadAttributes (276ms)
				ProcessInitializeOnLoadMethodAttributes (30ms)
				AfterProcessingInitializeOnLoad (3ms)
				EditorAssembliesLoaded (0ms)
			ExecutionOrderSort2 (0ms)
			AwakeInstancesAfterBackupRestoration (10ms)
Platform modules already initialized, skipping
Refreshing native plugins compatible for Editor in 3.36 ms, found 3 plugins.
Preloading 0 native plugins for Editor in 0.00 ms.
Unloading 3376 Unused Serialized files (Serialized files now loaded: 0)
Unloading 32 unused Assets / (54.0 KB). Loaded Objects now: 3893.
Memory consumption went from 133.8 MB to 133.8 MB.
Total: 4.962500 ms (FindLiveObjects: 0.353900 ms CreateObjectMapping: 0.668800 ms MarkObjects: 3.813800 ms  DeleteObjects: 0.124100 ms)

AssetImportParameters requested are different than current active one (requested -> active):
  custom:video-decoder-ogg-theora: a1e56fd34408186e4bbccfd4996cb3dc -> 
  custom:container-muxer-webm: aa71ff27fc2769a1b78a27578f13a17b -> 
  custom:container-demuxer-webm: 4f35f7cbe854078d1ac9338744f61a02 -> 
  custom:video-encoder-webm-vp8: eb34c28f22e8b96e1ab97ce403110664 -> 
  custom:audio-encoder-webm-vorbis: bf7c407c2cedff20999df2af8eb42d56 -> 
  custom:framework-win-MediaFoundation: 216162199b28c13a410421893ffa2e32 -> 
  custom:container-demuxer-ogg: 62fdf1f143b41e24485cea50d1cbac27 -> 
  custom:video-decoder-webm-vp8: 9c59270c3fd7afecdb556c50c9e8de78 -> 
  custom:audio-decoder-ogg-vorbis: bf7c407c2cedff20999df2af8eb42d56 -> 
========================================================================
Received Prepare
Registering precompiled user dll's ...
Registered in 0.007050 seconds.
Begin MonoManager ReloadAssembly
Symbol file LoadedFromMemory doesn't match image G:\UnityProjects\SimpleGame\Library\PackageCache\com.unity.visualscripting@1.7.6\Editor\VisualScripting.Core\Dependencies\YamlDotNet\Unity.VisualScripting.YamlDotNet.dll
Symbol file LoadedFromMemory is not a mono symbol file
Symbol file LoadedFromMemory doesn't match image G:\UnityProjects\SimpleGame\Library\PackageCache\com.unity.visualscripting@1.7.6\Editor\VisualScripting.Core\Dependencies\DotNetZip\Unity.VisualScripting.IonicZip.dll
Native extension for WindowsStandalone target not found
Native extension for Android target not found
Native extension for WebGL target not found
Refreshing native plugins compatible for Editor in 0.72 ms, found 3 plugins.
Preloading 0 native plugins for Editor in 0.00 ms.
Mono: successfully reloaded assembly
- Completed reload, in  1.072 seconds
Domain Reload Profiling:
	ReloadAssembly (1073ms)
		BeginReloadAssembly (157ms)
			ExecutionOrderSort (0ms)
			DisableScriptedObjects (7ms)
			BackupInstance (0ms)
			ReleaseScriptingObjects (0ms)
			CreateAndSetChildDomain (33ms)
		EndReloadAssembly (808ms)
			LoadAssemblies (132ms)
			RebuildTransferFunctionScriptingTraits (0ms)
			SetupTypeCache (248ms)
			ReleaseScriptCaches (2ms)
			RebuildScriptCaches (42ms)
			SetupLoadedEditorAssemblies (368ms)
				LogAssemblyErrors (0ms)
				InitializePlatformSupportModulesInManaged (25ms)
				SetLoadedEditorAssemblies (0ms)
				RefreshPlugins (1ms)
				BeforeProcessingInitializeOnLoad (65ms)
				ProcessInitializeOnLoadAttributes (245ms)
				ProcessInitializeOnLoadMethodAttributes (27ms)
				AfterProcessingInitializeOnLoad (5ms)
				EditorAssembliesLoaded (0ms)
			ExecutionOrderSort2 (0ms)
			AwakeInstancesAfterBackupRestoration (9ms)
Platform modules already initialized, skipping
Refreshing native plugins compatible for Editor in 3.18 ms, found 3 plugins.
Preloading 0 native plugins for Editor in 0.00 ms.
Unloading 3376 Unused Serialized files (Serialized files now loaded: 0)
Unloading 32 unused Assets / (55.1 KB). Loaded Objects now: 3896.
Memory consumption went from 133.9 MB to 133.8 MB.
Total: 3.522400 ms (FindLiveObjects: 0.336300 ms CreateObjectMapping: 0.239900 ms MarkObjects: 2.877000 ms  DeleteObjects: 0.067800 ms)

AssetImportParameters requested are different than current active one (requested -> active):
  custom:video-decoder-ogg-theora: a1e56fd34408186e4bbccfd4996cb3dc -> 
  custom:container-muxer-webm: aa71ff27fc2769a1b78a27578f13a17b -> 
  custom:container-demuxer-webm: 4f35f7cbe854078d1ac9338744f61a02 -> 
  custom:video-encoder-webm-vp8: eb34c28f22e8b96e1ab97ce403110664 -> 
  custom:audio-encoder-webm-vorbis: bf7c407c2cedff20999df2af8eb42d56 -> 
  custom:framework-win-MediaFoundation: 216162199b28c13a410421893ffa2e32 -> 
  custom:container-demuxer-ogg: 62fdf1f143b41e24485cea50d1cbac27 -> 
  custom:video-decoder-webm-vp8: 9c59270c3fd7afecdb556c50c9e8de78 -> 
  custom:audio-decoder-ogg-vorbis: bf7c407c2cedff20999df2af8eb42d56 -> 
========================================================================
Received Prepare
Registering precompiled user dll's ...
Registered in 0.004310 seconds.
Begin MonoManager ReloadAssembly
Symbol file LoadedFromMemory doesn't match image G:\UnityProjects\SimpleGame\Library\PackageCache\com.unity.visualscripting@1.7.6\Editor\VisualScripting.Core\Dependencies\YamlDotNet\Unity.VisualScripting.YamlDotNet.dll
Symbol file LoadedFromMemory is not a mono symbol file
Symbol file LoadedFromMemory doesn't match image G:\UnityProjects\SimpleGame\Library\PackageCache\com.unity.visualscripting@1.7.6\Editor\VisualScripting.Core\Dependencies\DotNetZip\Unity.VisualScripting.IonicZip.dll
Native extension for WindowsStandalone target not found
Native extension for Android target not found
Native extension for WebGL target not found
Refreshing native plugins compatible for Editor in 1.06 ms, found 3 plugins.
Preloading 0 native plugins for Editor in 0.00 ms.
Mono: successfully reloaded assembly
- Completed reload, in  1.182 seconds
Domain Reload Profiling:
	ReloadAssembly (1183ms)
		BeginReloadAssembly (163ms)
			ExecutionOrderSort (0ms)
			DisableScriptedObjects (7ms)
			BackupInstance (0ms)
			ReleaseScriptingObjects (0ms)
			CreateAndSetChildDomain (35ms)
		EndReloadAssembly (905ms)
			LoadAssemblies (129ms)
			RebuildTransferFunctionScriptingTraits (0ms)
			SetupTypeCache (268ms)
			ReleaseScriptCaches (1ms)
			RebuildScriptCaches (48ms)
			SetupLoadedEditorAssemblies (417ms)
				LogAssemblyErrors (0ms)
				InitializePlatformSupportModulesInManaged (34ms)
				SetLoadedEditorAssemblies (1ms)
				RefreshPlugins (1ms)
				BeforeProcessingInitializeOnLoad (83ms)
				ProcessInitializeOnLoadAttributes (262ms)
				ProcessInitializeOnLoadMethodAttributes (32ms)
				AfterProcessingInitializeOnLoad (4ms)
				EditorAssembliesLoaded (0ms)
			ExecutionOrderSort2 (0ms)
			AwakeInstancesAfterBackupRestoration (8ms)
Platform modules already initialized, skipping
Refreshing native plugins compatible for Editor in 3.11 ms, found 3 plugins.
Preloading 0 native plugins for Editor in 0.00 ms.
Unloading 3376 Unused Serialized files (Serialized files now loaded: 0)
Unloading 32 unused Assets / (54.1 KB). Loaded Objects now: 3899.
Memory consumption went from 133.9 MB to 133.8 MB.
Total: 3.064200 ms (FindLiveObjects: 0.266100 ms CreateObjectMapping: 0.164400 ms MarkObjects: 2.536900 ms  DeleteObjects: 0.095800 ms)

AssetImportParameters requested are different than current active one (requested -> active):
  custom:video-decoder-ogg-theora: a1e56fd34408186e4bbccfd4996cb3dc -> 
  custom:container-muxer-webm: aa71ff27fc2769a1b78a27578f13a17b -> 
  custom:container-demuxer-webm: 4f35f7cbe854078d1ac9338744f61a02 -> 
  custom:video-encoder-webm-vp8: eb34c28f22e8b96e1ab97ce403110664 -> 
  custom:audio-encoder-webm-vorbis: bf7c407c2cedff20999df2af8eb42d56 -> 
  custom:framework-win-MediaFoundation: 216162199b28c13a410421893ffa2e32 -> 
  custom:container-demuxer-ogg: 62fdf1f143b41e24485cea50d1cbac27 -> 
  custom:video-decoder-webm-vp8: 9c59270c3fd7afecdb556c50c9e8de78 -> 
  custom:audio-decoder-ogg-vorbis: bf7c407c2cedff20999df2af8eb42d56 -> 
========================================================================
Received Prepare
Registering precompiled user dll's ...
Registered in 0.006367 seconds.
Begin MonoManager ReloadAssembly
Symbol file LoadedFromMemory doesn't match image G:\UnityProjects\SimpleGame\Library\PackageCache\com.unity.visualscripting@1.7.6\Editor\VisualScripting.Core\Dependencies\YamlDotNet\Unity.VisualScripting.YamlDotNet.dll
Symbol file LoadedFromMemory is not a mono symbol file
Symbol file LoadedFromMemory doesn't match image G:\UnityProjects\SimpleGame\Library\PackageCache\com.unity.visualscripting@1.7.6\Editor\VisualScripting.Core\Dependencies\DotNetZip\Unity.VisualScripting.IonicZip.dll
Native extension for WindowsStandalone target not found
Native extension for Android target not found
Native extension for WebGL target not found
Refreshing native plugins compatible for Editor in 1.20 ms, found 3 plugins.
Preloading 0 native plugins for Editor in 0.00 ms.
Mono: successfully reloaded assembly
- Completed reload, in  1.164 seconds
Domain Reload Profiling:
	ReloadAssembly (1165ms)
		BeginReloadAssembly (160ms)
			ExecutionOrderSort (0ms)
			DisableScriptedObjects (7ms)
			BackupInstance (0ms)
			ReleaseScriptingObjects (0ms)
			CreateAndSetChildDomain (32ms)
		EndReloadAssembly (895ms)
			LoadAssemblies (136ms)
			RebuildTransferFunctionScriptingTraits (0ms)
			SetupTypeCache (278ms)
			ReleaseScriptCaches (1ms)
			RebuildScriptCaches (47ms)
			SetupLoadedEditorAssemblies (400ms)
				LogAssemblyErrors (0ms)
				InitializePlatformSupportModulesInManaged (30ms)
				SetLoadedEditorAssemblies (1ms)
				RefreshPlugins (1ms)
				BeforeProcessingInitializeOnLoad (82ms)
				ProcessInitializeOnLoadAttributes (249ms)
				ProcessInitializeOnLoadMethodAttributes (32ms)
				AfterProcessingInitializeOnLoad (5ms)
				EditorAssembliesLoaded (0ms)
			ExecutionOrderSort2 (0ms)
			AwakeInstancesAfterBackupRestoration (10ms)
Platform modules already initialized, skipping
Refreshing native plugins compatible for Editor in 3.74 ms, found 3 plugins.
Preloading 0 native plugins for Editor in 0.00 ms.
Unloading 3376 Unused Serialized files (Serialized files now loaded: 0)
Unloading 32 unused Assets / (55.1 KB). Loaded Objects now: 3902.
Memory consumption went from 133.9 MB to 133.8 MB.
Total: 3.007300 ms (FindLiveObjects: 0.302600 ms CreateObjectMapping: 0.182900 ms MarkObjects: 2.453100 ms  DeleteObjects: 0.067500 ms)

AssetImportParameters requested are different than current active one (requested -> active):
  custom:video-decoder-ogg-theora: a1e56fd34408186e4bbccfd4996cb3dc -> 
  custom:container-muxer-webm: aa71ff27fc2769a1b78a27578f13a17b -> 
  custom:container-demuxer-webm: 4f35f7cbe854078d1ac9338744f61a02 -> 
  custom:video-encoder-webm-vp8: eb34c28f22e8b96e1ab97ce403110664 -> 
  custom:audio-encoder-webm-vorbis: bf7c407c2cedff20999df2af8eb42d56 -> 
  custom:framework-win-MediaFoundation: 216162199b28c13a410421893ffa2e32 -> 
  custom:container-demuxer-ogg: 62fdf1f143b41e24485cea50d1cbac27 -> 
  custom:video-decoder-webm-vp8: 9c59270c3fd7afecdb556c50c9e8de78 -> 
  custom:audio-decoder-ogg-vorbis: bf7c407c2cedff20999df2af8eb42d56 -> 
========================================================================
Received Prepare
Registering precompiled user dll's ...
Registered in 0.004603 seconds.
Begin MonoManager ReloadAssembly
Symbol file LoadedFromMemory doesn't match image G:\UnityProjects\SimpleGame\Library\PackageCache\com.unity.visualscripting@1.7.6\Editor\VisualScripting.Core\Dependencies\YamlDotNet\Unity.VisualScripting.YamlDotNet.dll
Symbol file LoadedFromMemory is not a mono symbol file
Symbol file LoadedFromMemory doesn't match image G:\UnityProjects\SimpleGame\Library\PackageCache\com.unity.visualscripting@1.7.6\Editor\VisualScripting.Core\Dependencies\DotNetZip\Unity.VisualScripting.IonicZip.dll
Native extension for WindowsStandalone target not found
Native extension for Android target not found
Native extension for WebGL target not found
Refreshing native plugins compatible for Editor in 0.63 ms, found 3 plugins.
Preloading 0 native plugins for Editor in 0.00 ms.
Mono: successfully reloaded assembly
- Completed reload, in  1.144 seconds
Domain Reload Profiling:
	ReloadAssembly (1145ms)
		BeginReloadAssembly (158ms)
			ExecutionOrderSort (0ms)
			DisableScriptedObjects (7ms)
			BackupInstance (0ms)
			ReleaseScriptingObjects (0ms)
			CreateAndSetChildDomain (34ms)
		EndReloadAssembly (861ms)
			LoadAssemblies (138ms)
			RebuildTransferFunctionScriptingTraits (0ms)
			SetupTypeCache (243ms)
			ReleaseScriptCaches (1ms)
			RebuildScriptCaches (50ms)
			SetupLoadedEditorAssemblies (411ms)
				LogAssemblyErrors (0ms)
				InitializePlatformSupportModulesInManaged (31ms)
				SetLoadedEditorAssemblies (1ms)
				RefreshPlugins (1ms)
				BeforeProcessingInitializeOnLoad (72ms)
				ProcessInitializeOnLoadAttributes (274ms)
				ProcessInitializeOnLoadMethodAttributes (29ms)
				AfterProcessingInitializeOnLoad (3ms)
				EditorAssembliesLoaded (0ms)
			ExecutionOrderSort2 (0ms)
			AwakeInstancesAfterBackupRestoration (8ms)
Platform modules already initialized, skipping
Refreshing native plugins compatible for Editor in 3.38 ms, found 3 plugins.
Preloading 0 native plugins for Editor in 0.00 ms.
Unloading 3376 Unused Serialized files (Serialized files now loaded: 0)
Unloading 32 unused Assets / (54.0 KB). Loaded Objects now: 3905.
Memory consumption went from 133.9 MB to 133.8 MB.
Total: 3.050800 ms (FindLiveObjects: 0.265100 ms CreateObjectMapping: 0.195400 ms MarkObjects: 2.442400 ms  DeleteObjects: 0.146400 ms)

AssetImportParameters requested are different than current active one (requested -> active):
  custom:video-decoder-ogg-theora: a1e56fd34408186e4bbccfd4996cb3dc -> 
  custom:container-muxer-webm: aa71ff27fc2769a1b78a27578f13a17b -> 
  custom:container-demuxer-webm: 4f35f7cbe854078d1ac9338744f61a02 -> 
  custom:video-encoder-webm-vp8: eb34c28f22e8b96e1ab97ce403110664 -> 
  custom:audio-encoder-webm-vorbis: bf7c407c2cedff20999df2af8eb42d56 -> 
  custom:framework-win-MediaFoundation: 216162199b28c13a410421893ffa2e32 -> 
  custom:container-demuxer-ogg: 62fdf1f143b41e24485cea50d1cbac27 -> 
  custom:video-decoder-webm-vp8: 9c59270c3fd7afecdb556c50c9e8de78 -> 
  custom:audio-decoder-ogg-vorbis: bf7c407c2cedff20999df2af8eb42d56 -> 
========================================================================
Received Prepare
Registering precompiled user dll's ...
Registered in 0.004945 seconds.
Begin MonoManager ReloadAssembly
Symbol file LoadedFromMemory doesn't match image G:\UnityProjects\SimpleGame\Library\PackageCache\com.unity.visualscripting@1.7.6\Editor\VisualScripting.Core\Dependencies\YamlDotNet\Unity.VisualScripting.YamlDotNet.dll
Symbol file LoadedFromMemory is not a mono symbol file
Symbol file LoadedFromMemory doesn't match image G:\UnityProjects\SimpleGame\Library\PackageCache\com.unity.visualscripting@1.7.6\Editor\VisualScripting.Core\Dependencies\DotNetZip\Unity.VisualScripting.IonicZip.dll
Native extension for WindowsStandalone target not found
Native extension for Android target not found
Native extension for WebGL target not found
Refreshing native plugins compatible for Editor in 0.89 ms, found 3 plugins.
Preloading 0 native plugins for Editor in 0.00 ms.
Mono: successfully reloaded assembly
- Completed reload, in  1.173 seconds
Domain Reload Profiling:
	ReloadAssembly (1174ms)
		BeginReloadAssembly (168ms)
			ExecutionOrderSort (0ms)
			DisableScriptedObjects (7ms)
			BackupInstance (0ms)
			ReleaseScriptingObjects (0ms)
			CreateAndSetChildDomain (31ms)
		EndReloadAssembly (883ms)
			LoadAssemblies (129ms)
			RebuildTransferFunctionScriptingTraits (0ms)
			SetupTypeCache (258ms)
			ReleaseScriptCaches (1ms)
			RebuildScriptCaches (56ms)
			SetupLoadedEditorAssemblies (397ms)
				LogAssemblyErrors (0ms)
				InitializePlatformSupportModulesInManaged (32ms)
				SetLoadedEditorAssemblies (1ms)
				RefreshPlugins (1ms)
				BeforeProcessingInitializeOnLoad (75ms)
				ProcessInitializeOnLoadAttributes (256ms)
				ProcessInitializeOnLoadMethodAttributes (29ms)
				AfterProcessingInitializeOnLoad (4ms)
				EditorAssembliesLoaded (0ms)
			ExecutionOrderSort2 (0ms)
			AwakeInstancesAfterBackupRestoration (10ms)
Platform modules already initialized, skipping
Refreshing native plugins compatible for Editor in 4.15 ms, found 3 plugins.
Preloading 0 native plugins for Editor in 0.00 ms.
Unloading 3376 Unused Serialized files (Serialized files now loaded: 0)
Unloading 32 unused Assets / (55.0 KB). Loaded Objects now: 3908.
Memory consumption went from 133.9 MB to 133.8 MB.
Total: 3.468900 ms (FindLiveObjects: 0.320200 ms CreateObjectMapping: 0.238300 ms MarkObjects: 2.842700 ms  DeleteObjects: 0.066900 ms)

AssetImportParameters requested are different than current active one (requested -> active):
  custom:video-decoder-ogg-theora: a1e56fd34408186e4bbccfd4996cb3dc -> 
  custom:container-muxer-webm: aa71ff27fc2769a1b78a27578f13a17b -> 
  custom:container-demuxer-webm: 4f35f7cbe854078d1ac9338744f61a02 -> 
  custom:video-encoder-webm-vp8: eb34c28f22e8b96e1ab97ce403110664 -> 
  custom:audio-encoder-webm-vorbis: bf7c407c2cedff20999df2af8eb42d56 -> 
  custom:framework-win-MediaFoundation: 216162199b28c13a410421893ffa2e32 -> 
  custom:container-demuxer-ogg: 62fdf1f143b41e24485cea50d1cbac27 -> 
  custom:video-decoder-webm-vp8: 9c59270c3fd7afecdb556c50c9e8de78 -> 
  custom:audio-decoder-ogg-vorbis: bf7c407c2cedff20999df2af8eb42d56 -> 
========================================================================
Received Import Request.
  Time since last request: 1118.597960 seconds.
  path: Assets/InternalAssets/Materials/New Material.mat
  artifactKey: Guid(0ccf02fab0dc50441af5de2cd3cb723f) Importer(815301076,1909f56bfc062723c751e8b465ee728b)
Start importing Assets/InternalAssets/Materials/New Material.mat using Guid(0ccf02fab0dc50441af5de2cd3cb723f) Importer(815301076,1909f56bfc062723c751e8b465ee728b)  -> (artifact id: 'f5a2add70be5df2f4276279d5b0ba742') in 0.140849 seconds 
========================================================================
Received Import Request.
  Time since last request: 53.984410 seconds.
  path: Assets/Adaptive Performance/AdaptivePerformanceGeneralSettings.asset
  artifactKey: Guid(ad6721e09c6e07e49b2849e235a1b737) Importer(2089858483,934ff659095e30574adcf32a4c2f97b5)
Start importing Assets/Adaptive Performance/AdaptivePerformanceGeneralSettings.asset using Guid(ad6721e09c6e07e49b2849e235a1b737) Importer(2089858483,934ff659095e30574adcf32a4c2f97b5) Generated GUIDs only implemented for interfaces!
 -> (artifact id: 'a024aa9deef91b793ae5184df24181b5') in 0.174720 seconds 
========================================================================
Received Import Request.
  Time since last request: 0.000022 seconds.
  path: Assets/InternalAssets/Models/Player/c00_02_10_hair.bmp
  artifactKey: Guid(0c7c77aabaa6e774b9bf459eae74c6ce) Importer(2089858483,934ff659095e30574adcf32a4c2f97b5)
Start importing Assets/InternalAssets/Models/Player/c00_02_10_hair.bmp using Guid(0c7c77aabaa6e774b9bf459eae74c6ce) Importer(2089858483,934ff659095e30574adcf32a4c2f97b5) Generated GUIDs only implemented for interfaces!
 -> (artifact id: 'da6bff4de8fbe43d01534456dcfd871e') in 0.069497 seconds 
========================================================================
Received Import Request.
  Time since last request: 0.000030 seconds.
  path: Assets/InternalAssets/Materials/New Material 3.mat
  artifactKey: Guid(40a543dd9cac7684192e44e2316901aa) Importer(2089858483,934ff659095e30574adcf32a4c2f97b5)
Start importing Assets/InternalAssets/Materials/New Material 3.mat using Guid(40a543dd9cac7684192e44e2316901aa) Importer(2089858483,934ff659095e30574adcf32a4c2f97b5) Generated GUIDs only implemented for interfaces!
 -> (artifact id: '52386b523e5654c61f69af12622e9513') in 0.010592 seconds 
========================================================================
Received Import Request.
  Time since last request: 0.000019 seconds.
  path: Assets/InternalAssets/Models/Player2/Animation/surprised.anim
  artifactKey: Guid(8b0f8504323895347ae401cb3178880b) Importer(2089858483,934ff659095e30574adcf32a4c2f97b5)
Start importing Assets/InternalAssets/Models/Player2/Animation/surprised.anim using Guid(8b0f8504323895347ae401cb3178880b) Importer(2089858483,934ff659095e30574adcf32a4c2f97b5) Generated GUIDs only implemented for interfaces!
 -> (artifact id: 'c19ce2ba02ab33c01d4afaf631ed8264') in 0.009751 seconds 
========================================================================
Received Import Request.
  Time since last request: 0.000019 seconds.
  path: Assets/Joystick Pack/Prefabs/Fixed Joystick.prefab
  artifactKey: Guid(aaa2c939c0359ac4dbce3f49e8b90252) Importer(2089858483,934ff659095e30574adcf32a4c2f97b5)
Start importing Assets/Joystick Pack/Prefabs/Fixed Joystick.prefab using Guid(aaa2c939c0359ac4dbce3f49e8b90252) Importer(2089858483,934ff659095e30574adcf32a4c2f97b5) Generated GUIDs only implemented for interfaces!
 -> (artifact id: 'fdb21fb9f55ce04043a6b2218e5242f7') in 0.112436 seconds 
========================================================================
Received Import Request.
  Time since last request: 0.000021 seconds.
  path: Assets/Joystick Pack/Sprites/Vertical Backgrounds/Vertical_Ridged.png
  artifactKey: Guid(08c1fa6351174a9439d97cfc9d3307cc) Importer(2089858483,934ff659095e30574adcf32a4c2f97b5)
Start importing Assets/Joystick Pack/Sprites/Vertical Backgrounds/Vertical_Ridged.png using Guid(08c1fa6351174a9439d97cfc9d3307cc) Importer(2089858483,934ff659095e30574adcf32a4c2f97b5) Generated GUIDs only implemented for interfaces!
 -> (artifact id: '3a4297e310da07a8b68a378dec71e3f4') in 0.141480 seconds 
========================================================================
Received Import Request.
  Time since last request: 0.000024 seconds.
  path: Assets/InternalAssets/Models/Player2/Akane/Shader/LICENSE
  artifactKey: Guid(b84a4cf76b1309d4d8b278a8128e1acd) Importer(2089858483,934ff659095e30574adcf32a4c2f97b5)
Start importing Assets/InternalAssets/Models/Player2/Akane/Shader/LICENSE using Guid(b84a4cf76b1309d4d8b278a8128e1acd) Importer(2089858483,934ff659095e30574adcf32a4c2f97b5) Generated GUIDs only implemented for interfaces!
 -> (artifact id: '888060970b8391a84da94afacf0d6d75') in 0.013085 seconds 
========================================================================
Received Import Request.
  Time since last request: 0.000040 seconds.
  path: Assets/InternalAssets/Materials/New Material 2.mat
  artifactKey: Guid(ed42260c56815634eb153ab46fcc69bb) Importer(2089858483,934ff659095e30574adcf32a4c2f97b5)
Start importing Assets/InternalAssets/Materials/New Material 2.mat using Guid(ed42260c56815634eb153ab46fcc69bb) Importer(2089858483,934ff659095e30574adcf32a4c2f97b5) Generated GUIDs only implemented for interfaces!
 -> (artifact id: 'f40fc327f03afea1842dd576474db010') in 0.011288 seconds 
========================================================================
Received Import Request.
  Time since last request: 0.000022 seconds.
  path: Assets/InternalAssets/Models/Player2/Akane/materials/N00_000_00_FaceBrow_00_FACE (Instance).mat
  artifactKey: Guid(af38dde51c7cfcb4ab6f6fcb6cf18749) Importer(2089858483,934ff659095e30574adcf32a4c2f97b5)
Start importing Assets/InternalAssets/Models/Player2/Akane/materials/N00_000_00_FaceBrow_00_FACE (Instance).mat using Guid(af38dde51c7cfcb4ab6f6fcb6cf18749) Importer(2089858483,934ff659095e30574adcf32a4c2f97b5) Generated GUIDs only implemented for interfaces!
 -> (artifact id: '6f381e28cbccc1a1574247df7ac09e1f') in 0.015186 seconds 
========================================================================
Received Import Request.
  Time since last request: 0.000024 seconds.
  path: Assets/Scripts/Game/Maze/MazeSpawner.cs
  artifactKey: Guid(751476b3bd4a3154eb46ea6ec6a50633) Importer(2089858483,934ff659095e30574adcf32a4c2f97b5)
Start importing Assets/Scripts/Game/Maze/MazeSpawner.cs using Guid(751476b3bd4a3154eb46ea6ec6a50633) Importer(2089858483,934ff659095e30574adcf32a4c2f97b5) Generated GUIDs only implemented for interfaces!
 -> (artifact id: 'c6b4c659764b07c75da90fc7923dae12') in 0.023245 seconds 
========================================================================
Received Import Request.
  Time since last request: 0.000031 seconds.
  path: Assets/InternalAssets/Models/Player2/Animation/sad.anim
  artifactKey: Guid(4c2b49a7c6d60c34fb4764365f3c4d2c) Importer(2089858483,934ff659095e30574adcf32a4c2f97b5)
Start importing Assets/InternalAssets/Models/Player2/Animation/sad.anim using Guid(4c2b49a7c6d60c34fb4764365f3c4d2c) Importer(2089858483,934ff659095e30574adcf32a4c2f97b5) Generated GUIDs only implemented for interfaces!
 -> (artifact id: '958069ab90f10748ca69c3a0ec4fa0ca') in 0.014145 seconds 
========================================================================
Received Import Request.
  Time since last request: 0.000020 seconds.
  path: Assets/Joystick Pack/Scripts/Base/Joystick.cs
  artifactKey: Guid(b9fca4100a7477741b3973b4ff2c405f) Importer(2089858483,934ff659095e30574adcf32a4c2f97b5)
Start importing Assets/Joystick Pack/Scripts/Base/Joystick.cs using Guid(b9fca4100a7477741b3973b4ff2c405f) Importer(2089858483,934ff659095e30574adcf32a4c2f97b5) Generated GUIDs only implemented for interfaces!
 -> (artifact id: '0f69a5a1f1b2145fea461bce141a5d48') in 0.011857 seconds 
========================================================================
Received Import Request.
  Time since last request: 0.000025 seconds.
  path: Assets/Joystick Pack/Sprites/All Axis Backgrounds/AllAxis_Plain_Arrows.png
  artifactKey: Guid(2a1f3cba20f3e11498474a705db12fde) Importer(2089858483,934ff659095e30574adcf32a4c2f97b5)
Start importing Assets/Joystick Pack/Sprites/All Axis Backgrounds/AllAxis_Plain_Arrows.png using Guid(2a1f3cba20f3e11498474a705db12fde) Importer(2089858483,934ff659095e30574adcf32a4c2f97b5) Generated GUIDs only implemented for interfaces!
 -> (artifact id: 'c437fb7d14a4bb998906ef6413cd8e85') in 0.025392 seconds 
========================================================================
Received Import Request.
  Time since last request: 0.000023 seconds.
  path: Assets/Scripts/Game/Camera/PinchAndZoom.cs
  artifactKey: Guid(8799dcdcbbba1e14b9ea8d6c98542406) Importer(2089858483,934ff659095e30574adcf32a4c2f97b5)
Start importing Assets/Scripts/Game/Camera/PinchAndZoom.cs using Guid(8799dcdcbbba1e14b9ea8d6c98542406) Importer(2089858483,934ff659095e30574adcf32a4c2f97b5) Generated GUIDs only implemented for interfaces!
 -> (artifact id: '5a23319a63e94f875b5a10e99305dbdd') in 0.012215 seconds 
========================================================================
Received Import Request.
  Time since last request: 0.000034 seconds.
  path: Assets/Joystick Pack/Sprites/Handles/Handle_Outline_Arrows.png
  artifactKey: Guid(5eda94a9dcf71e445ad17e3c065d1460) Importer(2089858483,934ff659095e30574adcf32a4c2f97b5)
Start importing Assets/Joystick Pack/Sprites/Handles/Handle_Outline_Arrows.png using Guid(5eda94a9dcf71e445ad17e3c065d1460) Importer(2089858483,934ff659095e30574adcf32a4c2f97b5) Generated GUIDs only implemented for interfaces!
 -> (artifact id: '0cab6687fc69b98629887bba4a1f2bd4') in 0.155309 seconds 
========================================================================
Received Import Request.
  Time since last request: 0.000026 seconds.
  path: Assets/Joystick Pack/Scripts/Editor/JoystickEditor.cs
  artifactKey: Guid(d4b2b0d911a01a64ebfca9918e2b90b4) Importer(2089858483,934ff659095e30574adcf32a4c2f97b5)
Start importing Assets/Joystick Pack/Scripts/Editor/JoystickEditor.cs using Guid(d4b2b0d911a01a64ebfca9918e2b90b4) Importer(2089858483,934ff659095e30574adcf32a4c2f97b5) Generated GUIDs only implemented for interfaces!
 -> (artifact id: 'd3ca3816bc2a597ade49f65f266eff78') in 0.012102 seconds 
========================================================================
Received Import Request.
  Time since last request: 0.000082 seconds.
  path: Assets/InternalAssets/Prebafs/Cell 3D.prefab
  artifactKey: Guid(3ff777945ba53f44ea23dd2c887c758f) Importer(2089858483,934ff659095e30574adcf32a4c2f97b5)
Start importing Assets/InternalAssets/Prebafs/Cell 3D.prefab using Guid(3ff777945ba53f44ea23dd2c887c758f) Importer(2089858483,934ff659095e30574adcf32a4c2f97b5) Generated GUIDs only implemented for interfaces!
 -> (artifact id: 'ea9bdb55f12e7d048d2d1cbb237369d0') in 0.018709 seconds 
========================================================================
Received Import Request.
  Time since last request: 0.000024 seconds.
  path: Assets/Joystick Pack/Prefabs/Variable Joystick.prefab
  artifactKey: Guid(ec536a7718376554185e4a856d5ae230) Importer(2089858483,934ff659095e30574adcf32a4c2f97b5)
Start importing Assets/Joystick Pack/Prefabs/Variable Joystick.prefab using Guid(ec536a7718376554185e4a856d5ae230) Importer(2089858483,934ff659095e30574adcf32a4c2f97b5) Generated GUIDs only implemented for interfaces!
 -> (artifact id: 'd9e2c6150a8f5b2fd2f2ff804c92c85c') in 0.039672 seconds 
========================================================================
Received Import Request.
  Time since last request: 0.000027 seconds.
  path: Assets/Joystick Pack/Sprites/All Axis Backgrounds/AllAxis_Outline_Arrows.png
  artifactKey: Guid(48c0d4d6bebaa934384b07aa1e2f8184) Importer(2089858483,934ff659095e30574adcf32a4c2f97b5)
Start importing Assets/Joystick Pack/Sprites/All Axis Backgrounds/AllAxis_Outline_Arrows.png using Guid(48c0d4d6bebaa934384b07aa1e2f8184) Importer(2089858483,934ff659095e30574adcf32a4c2f97b5) Generated GUIDs only implemented for interfaces!
 -> (artifact id: '190486ea9159dd02f51e2db3b513199e') in 0.055765 seconds 
========================================================================
Received Import Request.
  Time since last request: 0.000041 seconds.
  path: Assets/InternalAssets/Models/Player2/Akane/materials/N00_002_01_Tops_01_CLOTH (Instance).mat
  artifactKey: Guid(47592d5c58d82c148810bb2af39dea90) Importer(2089858483,934ff659095e30574adcf32a4c2f97b5)
Start importing Assets/InternalAssets/Models/Player2/Akane/materials/N00_002_01_Tops_01_CLOTH (Instance).mat using Guid(47592d5c58d82c148810bb2af39dea90) Importer(2089858483,934ff659095e30574adcf32a4c2f97b5) Generated GUIDs only implemented for interfaces!
 -> (artifact id: '7ac3fd3be156460f367094355d1d3796') in 0.017300 seconds 
========================================================================
Received Import Request.
  Time since last request: 0.000028 seconds.
  path: Assets/InternalAssets/Models/Player2/Akane/textures/N00_000_Hair_00_nml.png
  artifactKey: Guid(5dcb52556be8ae6488eb71895740b617) Importer(2089858483,934ff659095e30574adcf32a4c2f97b5)
Start importing Assets/InternalAssets/Models/Player2/Akane/textures/N00_000_Hair_00_nml.png using Guid(5dcb52556be8ae6488eb71895740b617) Importer(2089858483,934ff659095e30574adcf32a4c2f97b5) Generated GUIDs only implemented for interfaces!
 -> (artifact id: 'ac97ca888f1f4296ff00e315a4ba4c99') in 0.059760 seconds 
========================================================================
Received Import Request.
  Time since last request: 0.000030 seconds.
  path: Assets/InternalAssets/Models/Player2/Akane/textures/_16.png
  artifactKey: Guid(5cc8e449232d5e445832bcff945269d8) Importer(2089858483,934ff659095e30574adcf32a4c2f97b5)
Start importing Assets/InternalAssets/Models/Player2/Akane/textures/_16.png using Guid(5cc8e449232d5e445832bcff945269d8) Importer(2089858483,934ff659095e30574adcf32a4c2f97b5) Generated GUIDs only implemented for interfaces!
 -> (artifact id: '8bcba45a35a50a1c41f340f416cfcf07') in 0.053270 seconds 
========================================================================
Received Import Request.
  Time since last request: 0.000038 seconds.
  path: Assets/InternalAssets/Models/Player2/Akane/textures/Thumbnail.png
  artifactKey: Guid(fdacfcae4f6e2a642b2a1586632507e7) Importer(2089858483,934ff659095e30574adcf32a4c2f97b5)
Start importing Assets/InternalAssets/Models/Player2/Akane/textures/Thumbnail.png using Guid(fdacfcae4f6e2a642b2a1586632507e7) Importer(2089858483,934ff659095e30574adcf32a4c2f97b5) Generated GUIDs only implemented for interfaces!
 -> (artifact id: '8f2d968c1e87bff76e78587607ca5035') in 0.167888 seconds 
========================================================================
Received Import Request.
  Time since last request: 0.000022 seconds.
  path: Assets/InternalAssets/Models/Player2/angGirl.prefab
  artifactKey: Guid(472eda4c7fef9044098f07d1125affaf) Importer(2089858483,934ff659095e30574adcf32a4c2f97b5)
Start importing Assets/InternalAssets/Models/Player2/angGirl.prefab using Guid(472eda4c7fef9044098f07d1125affaf) Importer(2089858483,934ff659095e30574adcf32a4c2f97b5) Generated GUIDs only implemented for interfaces!
 -> (artifact id: '0317b7216962f32c6b9b1d2c50e113d2') in 0.108853 seconds 
========================================================================
Received Import Request.
  Time since last request: 0.000049 seconds.
  path: Assets/InternalAssets/Models/Player2/Animation/smiling.anim
  artifactKey: Guid(b7b141624f87e454fa109eebbf43b80f) Importer(2089858483,934ff659095e30574adcf32a4c2f97b5)
Start importing Assets/InternalAssets/Models/Player2/Animation/smiling.anim using Guid(b7b141624f87e454fa109eebbf43b80f) Importer(2089858483,934ff659095e30574adcf32a4c2f97b5) Generated GUIDs only implemented for interfaces!
 -> (artifact id: 'cd237f9c7f03d7758c8fd590c26e1aed') in 0.012254 seconds 
========================================================================
Received Import Request.
  Time since last request: 0.000053 seconds.
  path: Assets/Joystick Pack/Sprites/Vertical Backgrounds/Vertical_Outline.png
  artifactKey: Guid(f054197ef28924b4986cbd91de2ab054) Importer(2089858483,934ff659095e30574adcf32a4c2f97b5)
Start importing Assets/Joystick Pack/Sprites/Vertical Backgrounds/Vertical_Outline.png using Guid(f054197ef28924b4986cbd91de2ab054) Importer(2089858483,934ff659095e30574adcf32a4c2f97b5) Generated GUIDs only implemented for interfaces!
 -> (artifact id: '2c1921aa9af1c675c5c3c931134dd328') in 0.048782 seconds 
========================================================================
Received Import Request.
  Time since last request: 0.000041 seconds.
  path: Assets/Scripts/Game/Camera/ThirdPersonCamera.cs
  artifactKey: Guid(d6199eb06fde51a4da9ab99cc156e696) Importer(2089858483,934ff659095e30574adcf32a4c2f97b5)
Start importing Assets/Scripts/Game/Camera/ThirdPersonCamera.cs using Guid(d6199eb06fde51a4da9ab99cc156e696) Importer(2089858483,934ff659095e30574adcf32a4c2f97b5) Generated GUIDs only implemented for interfaces!
 -> (artifact id: '16601524649653ba8be1ffae5574b4e6') in 0.015211 seconds 
========================================================================
Received Import Request.
  Time since last request: 0.000031 seconds.
  path: Assets/InternalAssets/Models/Player2/Akane/Shader/MToon/Scripts/Utils.cs
  artifactKey: Guid(fb893a2d0d6d06d49a76315829989c97) Importer(2089858483,934ff659095e30574adcf32a4c2f97b5)
Start importing Assets/InternalAssets/Models/Player2/Akane/Shader/MToon/Scripts/Utils.cs using Guid(fb893a2d0d6d06d49a76315829989c97) Importer(2089858483,934ff659095e30574adcf32a4c2f97b5) Generated GUIDs only implemented for interfaces!
 -> (artifact id: '548f21ac6c4ce42a0860c61f86602ac1') in 0.013172 seconds 
========================================================================
Received Import Request.
  Time since last request: 0.000026 seconds.
  path: Assets/InternalAssets/Models/Player2/Akane/Shader/MToon/Editor/EditorEnums.cs
  artifactKey: Guid(f176c3937b8c5df449971d82e4bfe125) Importer(2089858483,934ff659095e30574adcf32a4c2f97b5)
Start importing Assets/InternalAssets/Models/Player2/Akane/Shader/MToon/Editor/EditorEnums.cs using Guid(f176c3937b8c5df449971d82e4bfe125) Importer(2089858483,934ff659095e30574adcf32a4c2f97b5) Generated GUIDs only implemented for interfaces!
 -> (artifact id: 'e79497c7f8120d6f7e5d86c08cefa1f1') in 0.013169 seconds 
========================================================================
Received Import Request.
  Time since last request: 0.000023 seconds.
  path: Assets/InternalAssets/Models/Player2/Akane/Shader/MToon/Editor/EditorUtils.cs
  artifactKey: Guid(cd59f8862c7ded743a915050b099fefb) Importer(2089858483,934ff659095e30574adcf32a4c2f97b5)
Start importing Assets/InternalAssets/Models/Player2/Akane/Shader/MToon/Editor/EditorUtils.cs using Guid(cd59f8862c7ded743a915050b099fefb) Importer(2089858483,934ff659095e30574adcf32a4c2f97b5) Generated GUIDs only implemented for interfaces!
 -> (artifact id: 'ea062e4c7d6745dc6bd6f6fc0f8c10d7') in 0.010323 seconds 
========================================================================
Received Import Request.
  Time since last request: 0.000027 seconds.
  path: Assets/InternalAssets/Models/Player/c00_02_10_skin.bmp
  artifactKey: Guid(2e88c4c751dbf504abf030e6d299e113) Importer(2089858483,934ff659095e30574adcf32a4c2f97b5)
Start importing Assets/InternalAssets/Models/Player/c00_02_10_skin.bmp using Guid(2e88c4c751dbf504abf030e6d299e113) Importer(2089858483,934ff659095e30574adcf32a4c2f97b5) Generated GUIDs only implemented for interfaces!
 -> (artifact id: '0e38d19182c57fcce84f98abdf3b48ba') in 0.019688 seconds 
========================================================================
Received Import Request.
  Time since last request: 0.000065 seconds.
  path: Assets/InternalAssets/Models/Player/c00_02_01_00_black.bmp
  artifactKey: Guid(f4a5326e486824747bf26846bd6d3f3e) Importer(2089858483,934ff659095e30574adcf32a4c2f97b5)
Start importing Assets/InternalAssets/Models/Player/c00_02_01_00_black.bmp using Guid(f4a5326e486824747bf26846bd6d3f3e) Importer(2089858483,934ff659095e30574adcf32a4c2f97b5) Generated GUIDs only implemented for interfaces!
 -> (artifact id: 'be648dad57a148aad8e217e00aa41255') in 0.012966 seconds 
========================================================================
Received Import Request.
  Time since last request: 0.000032 seconds.
  path: Assets/Joystick Pack/Prefabs/Dynamic Joystick.prefab
  artifactKey: Guid(56fae09712773584fb63896d473a98ee) Importer(2089858483,934ff659095e30574adcf32a4c2f97b5)
Start importing Assets/Joystick Pack/Prefabs/Dynamic Joystick.prefab using Guid(56fae09712773584fb63896d473a98ee) Importer(2089858483,934ff659095e30574adcf32a4c2f97b5) Generated GUIDs only implemented for interfaces!
 -> (artifact id: '7729fdbbc758a44de4e8dce08a71abc0') in 0.175087 seconds 
========================================================================
Received Import Request.
  Time since last request: 0.000036 seconds.
  path: Assets/InternalAssets/Models/Player2/Akane/Shader/MToon/Resources/Shaders/MToonCore.cginc
  artifactKey: Guid(bf182c2aaad6ab34e980474887a92340) Importer(2089858483,934ff659095e30574adcf32a4c2f97b5)
Start importing Assets/InternalAssets/Models/Player2/Akane/Shader/MToon/Resources/Shaders/MToonCore.cginc using Guid(bf182c2aaad6ab34e980474887a92340) Importer(2089858483,934ff659095e30574adcf32a4c2f97b5) Generated GUIDs only implemented for interfaces!
 -> (artifact id: '29c2cb2c342f0c0427c9318bd9e5bc82') in 0.019918 seconds 
========================================================================
Received Import Request.
  Time since last request: 0.000031 seconds.
  path: Assets/InternalAssets/Models/Player/c00_02_01_00_sox.bmp
  artifactKey: Guid(21581057bb685b14cbb2246efa0f2efc) Importer(2089858483,934ff659095e30574adcf32a4c2f97b5)
Start importing Assets/InternalAssets/Models/Player/c00_02_01_00_sox.bmp using Guid(21581057bb685b14cbb2246efa0f2efc) Importer(2089858483,934ff659095e30574adcf32a4c2f97b5) Generated GUIDs only implemented for interfaces!
 -> (artifact id: '3d9767f48af6e5087b9245b3bfadb126') in 0.013850 seconds 
========================================================================
Received Import Request.
  Time since last request: 0.000036 seconds.
  path: Assets/InternalAssets/Prebafs/Cell 3D 1.prefab
  artifactKey: Guid(83858564a4ee3744a8397ac251beff6b) Importer(2089858483,934ff659095e30574adcf32a4c2f97b5)
Start importing Assets/InternalAssets/Prebafs/Cell 3D 1.prefab using Guid(83858564a4ee3744a8397ac251beff6b) Importer(2089858483,934ff659095e30574adcf32a4c2f97b5) Generated GUIDs only implemented for interfaces!
 -> (artifact id: '2ba374615a6b4cbfd4308bd69e8d7c3c') in 0.113462 seconds 
========================================================================
Received Import Request.
  Time since last request: 0.000024 seconds.
  path: Assets/Joystick Pack/Sprites/Handles/Handle_Ridged.png
  artifactKey: Guid(3a74f678ee8f3bd49aacf3de1ae4bcaa) Importer(2089858483,934ff659095e30574adcf32a4c2f97b5)
Start importing Assets/Joystick Pack/Sprites/Handles/Handle_Ridged.png using Guid(3a74f678ee8f3bd49aacf3de1ae4bcaa) Importer(2089858483,934ff659095e30574adcf32a4c2f97b5) Generated GUIDs only implemented for interfaces!
 -> (artifact id: '8b8f08e0bd548017d62598373445f0a3') in 0.065760 seconds 
========================================================================
Received Import Request.
  Time since last request: 0.000032 seconds.
  path: Assets/InternalAssets/Models/Player/c00_02_01_00_skin.bmp
  artifactKey: Guid(006249f39a6e70747a5bbc47d813bae2) Importer(2089858483,934ff659095e30574adcf32a4c2f97b5)
Start importing Assets/InternalAssets/Models/Player/c00_02_01_00_skin.bmp using Guid(006249f39a6e70747a5bbc47d813bae2) Importer(2089858483,934ff659095e30574adcf32a4c2f97b5) Generated GUIDs only implemented for interfaces!
 -> (artifact id: 'ea1686137f9c039fb1aaa719373995fe') in 0.010798 seconds 
========================================================================
Received Import Request.
  Time since last request: 0.000024 seconds.
  path: Assets/InternalAssets/Models/Player2/Akane/materials/N00_000_00_EyeIris_00_EYE (Instance).mat
  artifactKey: Guid(476b2f196fdfb2646be35a616ae82cc6) Importer(2089858483,934ff659095e30574adcf32a4c2f97b5)
Start importing Assets/InternalAssets/Models/Player2/Akane/materials/N00_000_00_EyeIris_00_EYE (Instance).mat using Guid(476b2f196fdfb2646be35a616ae82cc6) Importer(2089858483,934ff659095e30574adcf32a4c2f97b5) Generated GUIDs only implemented for interfaces!
 -> (artifact id: '5425c2678421da21f3fcd08b0521891c') in 0.008038 seconds 
========================================================================
Received Import Request.
  Time since last request: 0.000020 seconds.
  path: Assets/InternalAssets/Models/Player2/Akane/Shader/MToon/Editor/MToon.Editor.asmdef
  artifactKey: Guid(be5ac603d9052ff40bdfe06a2bc12862) Importer(2089858483,934ff659095e30574adcf32a4c2f97b5)
Start importing Assets/InternalAssets/Models/Player2/Akane/Shader/MToon/Editor/MToon.Editor.asmdef using Guid(be5ac603d9052ff40bdfe06a2bc12862) Importer(2089858483,934ff659095e30574adcf32a4c2f97b5) Generated GUIDs only implemented for interfaces!
 -> (artifact id: '4e474fbafaa8d15c5030dd29bb1dfb54') in 0.011232 seconds 
========================================================================
Received Import Request.
  Time since last request: 0.000021 seconds.
  path: Assets/InternalAssets/Models/Player2/Akane/Shader/MToon/Resources/Shaders/MToonSM4.cginc
  artifactKey: Guid(4b62fb0e2ce11674ba8f3d7a25c3c61f) Importer(2089858483,934ff659095e30574adcf32a4c2f97b5)
Start importing Assets/InternalAssets/Models/Player2/Akane/Shader/MToon/Resources/Shaders/MToonSM4.cginc using Guid(4b62fb0e2ce11674ba8f3d7a25c3c61f) Importer(2089858483,934ff659095e30574adcf32a4c2f97b5) Generated GUIDs only implemented for interfaces!
 -> (artifact id: '6394018b09aec54f49b13156633fdc3b') in 0.010978 seconds 
========================================================================
Received Import Request.
  Time since last request: 0.000027 seconds.
  path: Assets/Scripts/Game/Player/PlayerMovement.cs
  artifactKey: Guid(f7db0101f9d4f5f4b9366b3aa6f9c928) Importer(2089858483,934ff659095e30574adcf32a4c2f97b5)
Start importing Assets/Scripts/Game/Player/PlayerMovement.cs using Guid(f7db0101f9d4f5f4b9366b3aa6f9c928) Importer(2089858483,934ff659095e30574adcf32a4c2f97b5) Generated GUIDs only implemented for interfaces!
 -> (artifact id: 'd123d8a3135a08966498e582b34d9e26') in 0.010550 seconds 
========================================================================
Received Import Request.
  Time since last request: 0.000034 seconds.
  path: Assets/Scenes/SampleScene.unity
  artifactKey: Guid(c850ee8c3b14cc8459e7e186857cf567) Importer(2089858483,934ff659095e30574adcf32a4c2f97b5)
Start importing Assets/Scenes/SampleScene.unity using Guid(c850ee8c3b14cc8459e7e186857cf567) Importer(2089858483,934ff659095e30574adcf32a4c2f97b5) Generated GUIDs only implemented for interfaces!
 -> (artifact id: '1c67eb48bece8d3687f3ba92e2bcc75c') in 0.007243 seconds 
========================================================================
Received Import Request.
  Time since last request: 0.000030 seconds.
  path: Assets/Joystick Pack/Sprites/All Axis Backgrounds/AllAxis_Plain.png
  artifactKey: Guid(84487d73ca4b791498332d8f6858417f) Importer(2089858483,934ff659095e30574adcf32a4c2f97b5)
Start importing Assets/Joystick Pack/Sprites/All Axis Backgrounds/AllAxis_Plain.png using Guid(84487d73ca4b791498332d8f6858417f) Importer(2089858483,934ff659095e30574adcf32a4c2f97b5) Generated GUIDs only implemented for interfaces!
 -> (artifact id: '0bfe1cac32dca6216e55853f5bc973be') in 0.068191 seconds 
========================================================================
Received Import Request.
  Time since last request: 0.000020 seconds.
  path: Assets/InternalAssets/Models/Player2/Akane/textures/_09.png
  artifactKey: Guid(f7553d59a2f739f429b92952bc7a3d33) Importer(2089858483,934ff659095e30574adcf32a4c2f97b5)
Start importing Assets/InternalAssets/Models/Player2/Akane/textures/_09.png using Guid(f7553d59a2f739f429b92952bc7a3d33) Importer(2089858483,934ff659095e30574adcf32a4c2f97b5) Generated GUIDs only implemented for interfaces!
 -> (artifact id: '3dfb405c5486510fa112e6c8013525e8') in 0.014116 seconds 
========================================================================
Received Import Request.
  Time since last request: 0.000020 seconds.
  path: Assets/InternalAssets/Models/Player2/Akane/textures/_07.png
  artifactKey: Guid(21425dac8816fbc48921720a4b9d211c) Importer(2089858483,934ff659095e30574adcf32a4c2f97b5)
Start importing Assets/InternalAssets/Models/Player2/Akane/textures/_07.png using Guid(21425dac8816fbc48921720a4b9d211c) Importer(2089858483,934ff659095e30574adcf32a4c2f97b5) Generated GUIDs only implemented for interfaces!
 -> (artifact id: '498fe7dd9878f425942691d015ea946c') in 0.023863 seconds 
========================================================================
Received Import Request.
  Time since last request: 0.000032 seconds.
  path: Assets/Scripts/Game/Maze/HintRenderer.cs
  artifactKey: Guid(0a0e9c1a61e9b064b953beede65f1288) Importer(2089858483,934ff659095e30574adcf32a4c2f97b5)
Start importing Assets/Scripts/Game/Maze/HintRenderer.cs using Guid(0a0e9c1a61e9b064b953beede65f1288) Importer(2089858483,934ff659095e30574adcf32a4c2f97b5) Generated GUIDs only implemented for interfaces!
 -> (artifact id: '37f6c3647d63b8a29416f377d0699150') in 0.011660 seconds 
========================================================================
Received Import Request.
  Time since last request: 0.000034 seconds.
  path: Assets/InternalAssets/Models/Player/D0207034A.mtl
  artifactKey: Guid(a96e0cc3c900d8045a07867b225799a5) Importer(2089858483,934ff659095e30574adcf32a4c2f97b5)
Start importing Assets/InternalAssets/Models/Player/D0207034A.mtl using Guid(a96e0cc3c900d8045a07867b225799a5) Importer(2089858483,934ff659095e30574adcf32a4c2f97b5) Generated GUIDs only implemented for interfaces!
 -> (artifact id: '7e4f34a9c7cad671c54bc8d35bbd3892') in 0.012311 seconds 
========================================================================
Received Import Request.
  Time since last request: 0.000034 seconds.
  path: Assets/InternalAssets/Models/Player2/Akane/textures/_10.png
  artifactKey: Guid(cf4f5539c39dd0d49a0a1e871a16aa4c) Importer(2089858483,934ff659095e30574adcf32a4c2f97b5)
Start importing Assets/InternalAssets/Models/Player2/Akane/textures/_10.png using Guid(cf4f5539c39dd0d49a0a1e871a16aa4c) Importer(2089858483,934ff659095e30574adcf32a4c2f97b5) Generated GUIDs only implemented for interfaces!
 -> (artifact id: '49852472a61941042d03d2fd671a9928') in 0.065162 seconds 
========================================================================
Received Import Request.
  Time since last request: 0.000040 seconds.
  path: Assets/InternalAssets/Models/Player2/Akane/Shader/MToon/Resources/Shaders/MToonSM3.cginc
  artifactKey: Guid(cb1429c982e163f42ba54132be90ca37) Importer(2089858483,934ff659095e30574adcf32a4c2f97b5)
Start importing Assets/InternalAssets/Models/Player2/Akane/Shader/MToon/Resources/Shaders/MToonSM3.cginc using Guid(cb1429c982e163f42ba54132be90ca37) Importer(2089858483,934ff659095e30574adcf32a4c2f97b5) Generated GUIDs only implemented for interfaces!
 -> (artifact id: '0f332e30c55cf357b1417e790b6fe60f') in 0.013186 seconds 
========================================================================
Received Import Request.
  Time since last request: 0.000030 seconds.
  path: Assets/InternalAssets/Models/Player2/Akane/textures/_02.png
  artifactKey: Guid(321f63716f27f9447a6fc06e57376cfd) Importer(2089858483,934ff659095e30574adcf32a4c2f97b5)
Start importing Assets/InternalAssets/Models/Player2/Akane/textures/_02.png using Guid(321f63716f27f9447a6fc06e57376cfd) Importer(2089858483,934ff659095e30574adcf32a4c2f97b5) Generated GUIDs only implemented for interfaces!
 -> (artifact id: '0ea2064e79c11f9546d70ddee78398ea') in 0.021250 seconds 
========================================================================
Received Import Request.
  Time since last request: 0.000021 seconds.
  path: Assets/Joystick Pack/Sprites/Handles/Handle_Plain_Arrows.png
  artifactKey: Guid(f353d42d1db27ff42b78b28efd86b316) Importer(2089858483,934ff659095e30574adcf32a4c2f97b5)
Start importing Assets/Joystick Pack/Sprites/Handles/Handle_Plain_Arrows.png using Guid(f353d42d1db27ff42b78b28efd86b316) Importer(2089858483,934ff659095e30574adcf32a4c2f97b5) Generated GUIDs only implemented for interfaces!
 -> (artifact id: 'a173c5ebe8aa528556645b06fbc9531e') in 0.040662 seconds 
========================================================================
Received Import Request.
  Time since last request: 0.000028 seconds.
  path: Assets/InternalAssets/Models/Player2/Akane/Shader/MToon/Scripts/UtilsSetter.cs
  artifactKey: Guid(634c85372c8daaa4aa7996ef9da50e51) Importer(2089858483,934ff659095e30574adcf32a4c2f97b5)
Start importing Assets/InternalAssets/Models/Player2/Akane/Shader/MToon/Scripts/UtilsSetter.cs using Guid(634c85372c8daaa4aa7996ef9da50e51) Importer(2089858483,934ff659095e30574adcf32a4c2f97b5) Generated GUIDs only implemented for interfaces!
 -> (artifact id: '2b8ef1719c1c394ffebfb4d54dca24f9') in 0.010119 seconds 
========================================================================
Received Import Request.
  Time since last request: 0.000029 seconds.
  path: Assets/Scripts/Game/Maze/Maze.cs
  artifactKey: Guid(42393be225e27f24b9b16a44b9ef6481) Importer(2089858483,934ff659095e30574adcf32a4c2f97b5)
Start importing Assets/Scripts/Game/Maze/Maze.cs using Guid(42393be225e27f24b9b16a44b9ef6481) Importer(2089858483,934ff659095e30574adcf32a4c2f97b5) Generated GUIDs only implemented for interfaces!
 -> (artifact id: '48094252d988837ea136b67f831f8842') in 0.010176 seconds 
========================================================================
Received Import Request.
  Time since last request: 0.000027 seconds.
  path: Assets/Joystick Pack/Scripts/Joysticks/FixedJoystick.cs
  artifactKey: Guid(45977bbae16431c46a013576a1aea384) Importer(2089858483,934ff659095e30574adcf32a4c2f97b5)
Start importing Assets/Joystick Pack/Scripts/Joysticks/FixedJoystick.cs using Guid(45977bbae16431c46a013576a1aea384) Importer(2089858483,934ff659095e30574adcf32a4c2f97b5) Generated GUIDs only implemented for interfaces!
 -> (artifact id: '02bb8c103f3b2f8bfb0ae325869e589a') in 0.007716 seconds 
========================================================================
Received Import Request.
  Time since last request: 0.000067 seconds.
  path: Assets/InternalAssets/Models/Player2/Akane/textures/_11.png
  artifactKey: Guid(93d3ab17440c8ff42b324da013ec9278) Importer(2089858483,934ff659095e30574adcf32a4c2f97b5)
Start importing Assets/InternalAssets/Models/Player2/Akane/textures/_11.png using Guid(93d3ab17440c8ff42b324da013ec9278) Importer(2089858483,934ff659095e30574adcf32a4c2f97b5) Generated GUIDs only implemented for interfaces!
 -> (artifact id: '05ab8193ba33be6a5be5158408cc0fb4') in 0.080861 seconds 
========================================================================
Received Import Request.
  Time since last request: 0.000029 seconds.
  path: Assets/Joystick Pack/Scripts/Editor/VariableJoystickEditor.cs
  artifactKey: Guid(58b5a2db95af76c4c9d4116a09ec3697) Importer(2089858483,934ff659095e30574adcf32a4c2f97b5)
Start importing Assets/Joystick Pack/Scripts/Editor/VariableJoystickEditor.cs using Guid(58b5a2db95af76c4c9d4116a09ec3697) Importer(2089858483,934ff659095e30574adcf32a4c2f97b5) Generated GUIDs only implemented for interfaces!
 -> (artifact id: 'cc033063314434315169bbe7f2d92705') in 0.008049 seconds 
========================================================================
Received Import Request.
  Time since last request: 0.000052 seconds.
  path: Assets/Joystick Pack/Sprites/Horizontal Backgrounds/Horizontal_Ridged_Arrows.png
  artifactKey: Guid(b8467ea5fbaf9ba42908de6411bd443d) Importer(2089858483,934ff659095e30574adcf32a4c2f97b5)
Start importing Assets/Joystick Pack/Sprites/Horizontal Backgrounds/Horizontal_Ridged_Arrows.png using Guid(b8467ea5fbaf9ba42908de6411bd443d) Importer(2089858483,934ff659095e30574adcf32a4c2f97b5) Generated GUIDs only implemented for interfaces!
 -> (artifact id: '0eebd7528352d1683e53b43b6043cb65') in 0.019889 seconds 
========================================================================
Received Import Request.
  Time since last request: 0.000052 seconds.
  path: Assets/Joystick Pack/Sprites/Vertical Backgrounds/Vertical_Plain.png
  artifactKey: Guid(ab6db91373811284caeba2e9472fa9c2) Importer(2089858483,934ff659095e30574adcf32a4c2f97b5)
Start importing Assets/Joystick Pack/Sprites/Vertical Backgrounds/Vertical_Plain.png using Guid(ab6db91373811284caeba2e9472fa9c2) Importer(2089858483,934ff659095e30574adcf32a4c2f97b5) Generated GUIDs only implemented for interfaces!
 -> (artifact id: 'f310014963889428eb00868777102ced') in 0.023190 seconds 
========================================================================
Received Import Request.
  Time since last request: 0.000029 seconds.
  path: Assets/InternalAssets/Models/Player2/Akane/Shader/MToon/MToon.asmdef
  artifactKey: Guid(c88c8bf85c0e98340bd3eb8afde78614) Importer(2089858483,934ff659095e30574adcf32a4c2f97b5)
Start importing Assets/InternalAssets/Models/Player2/Akane/Shader/MToon/MToon.asmdef using Guid(c88c8bf85c0e98340bd3eb8afde78614) Importer(2089858483,934ff659095e30574adcf32a4c2f97b5) Generated GUIDs only implemented for interfaces!
 -> (artifact id: 'b48ce216987ee7776953f5933637bfff') in 0.007900 seconds 
========================================================================
Received Import Request.
  Time since last request: 0.000022 seconds.
  path: Assets/InternalAssets/Models/Player2/Animation/stand.anim
  artifactKey: Guid(f36338d64f6f6db48ad4e90e245804ee) Importer(2089858483,934ff659095e30574adcf32a4c2f97b5)
Start importing Assets/InternalAssets/Models/Player2/Animation/stand.anim using Guid(f36338d64f6f6db48ad4e90e245804ee) Importer(2089858483,934ff659095e30574adcf32a4c2f97b5) Generated GUIDs only implemented for interfaces!
 -> (artifact id: '895711492bc1ce0198b8423c920efb8f') in 0.009730 seconds 
========================================================================
Received Import Request.
  Time since last request: 0.000019 seconds.
  path: Assets/Joystick Pack/Scripts/Editor/FloatingJoystickEditor.cs
  artifactKey: Guid(614d06243900d764f9c50b4da2c950a3) Importer(2089858483,934ff659095e30574adcf32a4c2f97b5)
Start importing Assets/Joystick Pack/Scripts/Editor/FloatingJoystickEditor.cs using Guid(614d06243900d764f9c50b4da2c950a3) Importer(2089858483,934ff659095e30574adcf32a4c2f97b5) Generated GUIDs only implemented for interfaces!
 -> (artifact id: '81637f04ae449afc45cdb6e9f76af456') in 0.011606 seconds 
========================================================================
Received Import Request.
  Time since last request: 0.000055 seconds.
  path: Assets/Scripts/Helpers/FpsDisplay.cs
  artifactKey: Guid(de4eb0bf9ff281f42966755b4914761c) Importer(2089858483,934ff659095e30574adcf32a4c2f97b5)
Start importing Assets/Scripts/Helpers/FpsDisplay.cs using Guid(de4eb0bf9ff281f42966755b4914761c) Importer(2089858483,934ff659095e30574adcf32a4c2f97b5) Generated GUIDs only implemented for interfaces!
 -> (artifact id: '0f8894e63729f98496ed22db53b35e43') in 0.015291 seconds 
========================================================================
Received Import Request.
  Time since last request: 0.000064 seconds.
  path: Assets/Joystick Pack/Sprites/Vertical Backgrounds/Vertical_Plain_Arrows.png
  artifactKey: Guid(3bf6d9f920f7458448a390f80318ebe6) Importer(2089858483,934ff659095e30574adcf32a4c2f97b5)
Start importing Assets/Joystick Pack/Sprites/Vertical Backgrounds/Vertical_Plain_Arrows.png using Guid(3bf6d9f920f7458448a390f80318ebe6) Importer(2089858483,934ff659095e30574adcf32a4c2f97b5) Generated GUIDs only implemented for interfaces!
 -> (artifact id: 'f3c18e6678a4b419daa3969cf0196744') in 0.023168 seconds 
========================================================================
Received Import Request.
  Time since last request: 0.000016 seconds.
  path: Assets/InternalAssets/Models/Player/c00_02_10_namida.tga
  artifactKey: Guid(daf52d9569478e141ae1233ba7096d82) Importer(2089858483,934ff659095e30574adcf32a4c2f97b5)
Start importing Assets/InternalAssets/Models/Player/c00_02_10_namida.tga using Guid(daf52d9569478e141ae1233ba7096d82) Importer(2089858483,934ff659095e30574adcf32a4c2f97b5) Generated GUIDs only implemented for interfaces!
 -> (artifact id: '293cddd2a03f05b6c56975bed209927d') in 0.014169 seconds 
========================================================================
Received Import Request.
  Time since last request: 0.000021 seconds.
  path: Assets/InternalAssets/Models/Player/c00_02_01_00_obi.bmp
  artifactKey: Guid(decc516fc41cdb7439fb725ead954f93) Importer(2089858483,934ff659095e30574adcf32a4c2f97b5)
Start importing Assets/InternalAssets/Models/Player/c00_02_01_00_obi.bmp using Guid(decc516fc41cdb7439fb725ead954f93) Importer(2089858483,934ff659095e30574adcf32a4c2f97b5) Generated GUIDs only implemented for interfaces!
 -> (artifact id: '88f7a82b66d0f797514bc9b63859571e') in 0.013707 seconds 
========================================================================
Received Import Request.
  Time since last request: 0.000037 seconds.
  path: Assets/Scripts/Game/Maze/MazeGenerator.cs
  artifactKey: Guid(c977a5c62e2ee854c83d3b08091f5109) Importer(2089858483,934ff659095e30574adcf32a4c2f97b5)
Start importing Assets/Scripts/Game/Maze/MazeGenerator.cs using Guid(c977a5c62e2ee854c83d3b08091f5109) Importer(2089858483,934ff659095e30574adcf32a4c2f97b5) Generated GUIDs only implemented for interfaces!
 -> (artifact id: 'db7287695e4d7271864010af44292030') in 0.011433 seconds 
========================================================================
Received Import Request.
  Time since last request: 0.000027 seconds.
  path: Assets/Joystick Pack/Sprites/Horizontal Backgrounds/Horizontal_Plain_Arrows.png
  artifactKey: Guid(c8585b68a92b5d440992ddd7d1b1a3d6) Importer(2089858483,934ff659095e30574adcf32a4c2f97b5)
Start importing Assets/Joystick Pack/Sprites/Horizontal Backgrounds/Horizontal_Plain_Arrows.png using Guid(c8585b68a92b5d440992ddd7d1b1a3d6) Importer(2089858483,934ff659095e30574adcf32a4c2f97b5) Generated GUIDs only implemented for interfaces!
 -> (artifact id: '46b4bcba84378498fe98c86f08bdb31a') in 0.019606 seconds 
Editor requested this worker to shutdown with reason: Scaling down because of idle timeout
AssetImportWorker is now disconnected from the server
Process exiting
Exiting without the bug reporter. Application will terminate with return code 0